[2014-06-05 09:29:33]主程序启动!
[2014-06-05 09:29:33]打开服务中...
[2014-06-05 09:29:33]company = 0
.
[2014-06-05 09:29:54]已插入 高、中考在即 公交集团积极做好各项保障措施 为广大考生创造良好的乘车条件
[2014-06-05 09:30:01]company = 0
[2014-06-05 09:30:03]已插入 高、中考在即 公交集团积极做好各项保障措施 为广大考生创造良好的乘车条件
[2014-06-05 09:30:10]company = 0
[2014-06-05 09:30:10]已插入 高、中考在即 公交集团积极做好各项保障措施 为广大考生创造良好的乘车条件
[2014-06-05 09:30:17]company = 0
[2014-06-05 09:30:18]已插入 高、中考在即 公交集团积极做好各项保障措施 为广大考生创造良好的乘车条件
[2014-06-05 09:30:26]company = 0
[2014-06-05 09:30:26]已插入 高、中考在即 公交集团积极做好各项保障措施 为广大考生创造良好的乘车条件
[2014-06-05 09:30:34]company = 0
[2014-06-05 09:30:35]已插入 高、中考在即 公交集团积极做好各项保障措施 为广大考生创造良好的乘车条件
[2014-06-05 09:30:42]company = 0
[2014-06-05 09:30:43]已插入 高、中考在即 公交集团积极做好各项保障措施 为广大考生创造良好的乘车条件
[2014-06-05 09:32:45]主程序启动!
[2014-06-05 09:32:45]打开服务中...
[2014-06-05 09:32:45]服务已打开.
[2014-06-05 09:32:45]company = 0
[2014-06-05 09:42:10]主程序启动!
[2014-06-05 09:42:10]打开服务中...
[2014-06-05 09:42:10]服务已打开.
[2014-06-05 09:42:10]company = 0
[2014-06-05 09:42:24]已插入 高、中考在即 公交集团积极做好各项保障措施 为广大考生创造良好的乘车条件
[2014-06-05 09:43:20]主程序启动!
[2014-06-05 09:43:20]打开服务中...
[2014-06-05 09:43:20]服务已打开.
[2014-06-05 09:43:20]company = 0
[2014-06-05 09:43:32]company = 0
[2014-06-05 09:43:39]company = 0
[2014-06-05 09:44:01]company = 0
[2014-06-05 09:44:08]company = 0
[2014-06-05 09:44:15]company = 0
[2014-06-05 09:44:49]主程序启动!
[2014-06-05 09:44:49]打开服务中...
[2014-06-05 09:44:49]company = 0
[2014-06-05 09:44:49]服务已打开.
[2014-06-05 09:45:12]company = 0
[2014-06-05 09:45:20]company = 0
[2014-06-05 09:45:28]company = 0
[2014-06-05 09:45:35]company = 0
[2014-06-05 09:45:45]company = 0
[2014-06-05 09:45:52]company = 0
[2014-06-05 09:45:59]company = 0
[2014-06-05 09:46:07]company = 0
[2014-06-05 09:46:14]company = 0
[2014-06-05 09:46:21]company = 0
[2014-06-05 09:46:28]company = 0
[2014-06-05 09:46:35]company = 0
[2014-06-05 09:46:42]company = 0
[2014-06-05 09:46:51]company = 0
[2014-06-05 09:46:58]company = 0
[2014-06-05 09:47:05]company = 0
[2014-06-05 09:47:13]company = 0
[2014-06-05 09:47:20]company = 0
[2014-06-05 09:47:27]company = 0
[2014-06-05 09:47:35]company = 0
[2014-06-05 09:47:44]company = 0
[2014-06-05 09:47:51]company = 0
[2014-06-05 09:47:59]company = 0
[2014-06-05 09:48:06]company = 0
[2014-06-05 09:48:14]company = 0
[2014-06-05 09:48:21]company = 0
[2014-06-05 09:48:25]服务已关闭.
[2014-06-05 09:56:47]主程序启动!
[2014-06-05 09:56:47]打开服务中...
[2014-06-05 09:56:47]服务已打开.
[2014-06-05 09:56:47]company = 0
[2014-06-05 09:57:02]已插入 秋涛路雨水管施工   公交线路调整
[2014-06-05 09:57:46]已插入 秋涛路雨水管施工结束  17条公交线路恢复原线行驶
[2014-06-05 09:58:06]已插入 调整B4、860路线路走向  方便市民出行
[2014-06-05 09:58:27]已插入 三新路建设施工  公交调整线路走向
[2014-06-05 11:22:19]主程序启动!
[2014-06-05 11:22:19]打开服务中...
[2014-06-05 11:22:19]服务已打开.
[2014-06-05 11:22:19]company = 0
[2014-06-05 11:22:40]读取category页失败
[2014-06-05 11:23:01]读取category页失败
[2014-06-05 11:24:17]主程序启动!
[2014-06-05 11:24:17]打开服务中...
[2014-06-05 11:24:17]company = 0
.
[2014-06-05 11:27:11]主程序启动!
[2014-06-05 11:27:11]打开服务中...
[2014-06-05 11:27:11]服务已打开.
[2014-06-05 11:27:11]company = 0
[2014-06-05 11:27:32]读取category页失败
[2014-06-05 11:27:54]读取category页失败
[2014-06-05 11:28:43]company = 0
