[2014-06-01 16:30:40]主程序启动!
[2014-06-01 16:30:40]打开服务中...
[2014-06-01 16:30:40]服务已打开.
[2014-06-01 16:30:40]company = 0
[2014-06-01 16:34:52]读取http://www.hzbus.com.cn/news_detail.aspx?ID=6095&p_kind=&c_kind=1&c_kind2=108&c_kind3=失败
[2014-06-01 16:43:40]已插入 “小红帽”扮靓“小红车”共建活动——青蓝小学二（4）中队的“红领巾”度过了不一样的儿童节
[2014-06-01 17:01:13]已插入 “五一”小长假 公交集团统筹兼顾 科学组织 安全、有序运送乘客1186万人次
[2014-06-01 17:01:22]已插入 杭州公交集团认真组织做好《杭州市公共汽车客运管理条例》学习贯彻工作
[2014-06-01 17:01:23]已插入 杭州“公交杯”历史照片征集暨摄影大赛公告
[2014-06-01 17:01:25]已插入 “公交杯”摄影比赛参赛表
[2014-06-01 17:01:26]已插入 “公交杯”杭州公交六十周年摄影大赛获奖名单
[2014-06-01 17:01:37]已插入 公交集团召开精神文明和企业文化建设大会  公布十件新事并隆重表彰一批先进——张福荣等司机果断处置突发事件、保障乘客生命安全获表彰奖励
[2014-06-01 17:01:52]已插入 杭州市区公交系统专项公共租赁住房2014年受理公告
[2014-06-01 17:02:39]company = 0
[2014-06-01 17:06:57]读取http://www.hzbus.com.cn/news_detail.aspx?ID=6105&p_kind=&c_kind=1&c_kind2=108&c_kind3=失败
[2014-06-01 17:16:19]主程序启动!
[2014-06-01 17:16:19]打开服务中...
[2014-06-01 17:16:19]服务已打开.
[2014-06-01 17:16:19]company = 0
[2014-06-01 17:19:01]已插入 “小红帽”扮靓“小红车”共建活动——青蓝小学二（4）中队的“红领巾”度过了不一样的儿童节
[2014-06-01 17:20:46]company = 0
[2014-06-01 17:21:56]读取http://www.hzbus.com.cn/news_detail.aspx?ID=6046&p_kind=&c_kind=1&c_kind2=109&c_kind3=失败
[2014-06-01 17:21:56]company = 0
[2014-06-01 17:22:05]company = 0
[2014-06-01 17:22:13]company = 0
[2014-06-01 17:22:18]company = 0
[2014-06-01 17:22:23]company = 0
[2014-06-01 17:22:39]company = 0
[2014-06-01 17:22:57]主程序启动!
[2014-06-01 17:22:57]打开服务中...
[2014-06-01 17:22:57]服务已打开.
[2014-06-01 17:22:57]company = 0
[2014-06-01 17:23:03]已插入 “小红帽”扮靓“小红车”共建活动——青蓝小学二（4）中队的“红领巾”度过了不一样的儿童节
[2014-06-01 17:23:07]company = 0
[2014-06-01 17:23:11]company = 0
[2014-06-01 17:23:16]company = 0
[2014-06-01 17:23:21]company = 0
[2014-06-01 17:23:26]company = 0
[2014-06-01 17:23:31]company = 0
[2014-06-01 17:23:36]company = 0
[2014-06-01 17:23:41]company = 0
[2014-06-01 17:23:45]company = 0
[2014-06-01 17:23:50]company = 0
[2014-06-01 17:23:55]company = 0
[2014-06-01 17:23:59]company = 0
[2014-06-01 17:24:04]company = 0
[2014-06-01 17:24:10]company = 0
[2014-06-01 17:29:01]主程序启动!
[2014-06-01 17:29:01]打开服务中...
[2014-06-01 17:29:01]服务已打开.
[2014-06-01 17:29:01]company = 0
[2014-06-01 17:29:14]读取失败
[2014-06-01 17:29:18]company = 0
[2014-06-01 17:29:24]company = 0
[2014-06-01 17:29:32]company = 0
[2014-06-01 17:29:39]company = 0
[2014-06-01 17:29:44]company = 0
[2014-06-01 17:29:56]company = 0
[2014-06-01 17:30:06]company = 0
[2014-06-01 17:30:15]company = 0
[2014-06-01 17:30:29]company = 0
[2014-06-01 17:30:36]company = 0
[2014-06-01 17:30:54]读取http://www.hzbus.com.cn/news_detail.aspx?ID=5552&p_kind=&c_kind=1&c_kind2=109&c_kind3=失败
[2014-06-01 17:30:54]company = 0
[2014-06-01 17:31:03]company = 0
[2014-06-01 17:31:08]company = 0
[2014-06-01 17:31:13]company = 0
[2014-06-01 17:31:18]company = 0
[2014-06-01 17:31:23]company = 0
[2014-06-01 17:31:28]company = 0
[2014-06-01 17:31:33]company = 0
[2014-06-01 17:31:37]company = 0
[2014-06-01 17:31:42]company = 0
[2014-06-01 17:31:48]company = 0
[2014-06-01 17:31:52]company = 0
[2014-06-01 17:31:57]company = 0
[2014-06-01 17:32:03]company = 0
[2014-06-01 17:32:07]company = 0
[2014-06-01 17:32:12]company = 0
[2014-06-01 17:32:17]company = 0
[2014-06-01 17:32:21]company = 0
[2014-06-01 17:32:27]company = 0
[2014-06-01 17:32:33]company = 0
[2014-06-01 17:32:38]company = 0
[2014-06-01 17:32:44]company = 0
[2014-06-01 17:32:49]company = 0
[2014-06-01 17:32:53]company = 0
[2014-06-01 17:33:00]company = 0
[2014-06-01 17:33:05]company = 0
[2014-06-01 17:33:09]company = 0
[2014-06-01 17:33:14]company = 0
[2014-06-01 17:33:19]company = 0
[2014-06-01 17:33:24]company = 0
[2014-06-01 17:33:29]company = 0
[2014-06-01 17:33:34]company = 0
[2014-06-01 17:33:39]company = 0
[2014-06-01 17:33:43]company = 0
[2014-06-01 17:33:48]company = 0
[2014-06-01 17:33:53]company = 0
[2014-06-01 17:33:57]company = 0
[2014-06-01 17:34:02]company = 0
[2014-06-01 17:34:08]company = 0
[2014-06-01 17:34:13]company = 0
[2014-06-01 17:34:18]company = 0
[2014-06-01 17:34:22]company = 0
[2014-06-01 17:34:29]company = 0
[2014-06-01 17:34:34]company = 0
[2014-06-01 17:34:38]company = 0
[2014-06-01 17:34:43]company = 0
[2014-06-01 17:34:49]company = 0
[2014-06-01 17:34:53]company = 0
[2014-06-01 17:34:59]company = 0
[2014-06-01 17:35:04]company = 0
[2014-06-01 17:35:09]company = 0
[2014-06-01 17:35:14]company = 0
[2014-06-01 17:35:20]company = 0
[2014-06-01 17:35:26]company = 0
[2014-06-01 17:35:31]company = 0
[2014-06-01 17:35:36]company = 0
[2014-06-01 17:35:42]company = 0
[2014-06-01 17:35:47]company = 0
[2014-06-01 17:35:52]company = 0
[2014-06-01 17:35:58]company = 0
[2014-06-01 17:36:03]company = 0
[2014-06-01 17:36:08]company = 0
[2014-06-01 17:36:13]company = 0
[2014-06-01 17:36:17]company = 0
[2014-06-01 17:36:22]company = 0
[2014-06-01 17:36:27]company = 0
[2014-06-01 17:36:32]company = 0
[2014-06-01 17:36:37]company = 0
[2014-06-01 17:36:42]company = 0
[2014-06-01 17:36:47]company = 0
[2014-06-01 17:36:53]company = 0
[2014-06-01 17:37:04]company = 0
[2014-06-01 17:37:12]company = 0
[2014-06-01 17:37:18]company = 0
[2014-06-01 17:37:25]company = 0
[2014-06-01 17:37:34]company = 0
[2014-06-01 17:37:46]company = 0
[2014-06-01 17:37:53]company = 0
[2014-06-01 17:38:00]company = 0
[2014-06-01 17:38:08]company = 0
[2014-06-01 17:38:16]company = 0
[2014-06-01 17:38:21]company = 0
[2014-06-01 17:38:32]company = 0
[2014-06-01 17:38:40]company = 0
[2014-06-01 17:38:47]company = 0
[2014-06-01 17:38:56]company = 0
[2014-06-01 17:39:04]company = 0
[2014-06-01 17:39:14]company = 0
[2014-06-01 17:39:22]company = 0
[2014-06-01 17:39:30]company = 0
[2014-06-01 17:39:38]company = 0
[2014-06-01 17:39:44]company = 0
[2014-06-01 17:39:56]company = 0
[2014-06-01 17:40:03]company = 0
[2014-06-01 17:40:11]company = 0
[2014-06-01 17:40:20]company = 0
[2014-06-01 17:40:32]company = 0
[2014-06-01 17:40:43]company = 0
[2014-06-01 17:40:53]company = 0
[2014-06-01 17:41:00]company = 0
[2014-06-01 17:41:08]company = 0
[2014-06-01 17:41:14]company = 0
[2014-06-01 17:41:19]company = 0
[2014-06-01 17:41:26]company = 0
[2014-06-01 17:41:36]company = 0
[2014-06-01 17:41:42]company = 0
[2014-06-01 17:41:49]company = 0
[2014-06-01 17:41:55]company = 0
[2014-06-01 17:42:03]company = 0
[2014-06-01 17:42:10]company = 0
[2014-06-01 17:42:18]company = 0
[2014-06-01 17:42:26]company = 0
[2014-06-01 17:42:35]company = 0
[2014-06-01 17:42:44]company = 0
[2014-06-01 17:42:52]company = 0
[2014-06-01 17:43:00]company = 0
[2014-06-01 17:45:27]主程序启动!
[2014-06-01 17:45:27]打开服务中...
[2014-06-01 17:45:27]服务已打开.
[2014-06-01 17:45:27]company = 0
[2014-06-01 17:45:40]company = 0
[2014-06-01 17:45:50]company = 0
[2014-06-01 17:46:00]company = 0
[2014-06-01 17:46:10]company = 0
[2014-06-01 17:46:19]company = 0
[2014-06-01 17:46:33]company = 0
[2014-06-01 17:46:43]company = 0
